<?xml version="1.0" encoding="UTF-8"?>
<testsuites>
  <testsuite name="/home/trueleaf/Code/pdf-to-zpl/tests" tests="6" assertions="12" errors="0" warnings="0" failures="0" skipped="0" time="9.184572">
    <testsuite name="CanConvertImageTest" file="/home/trueleaf/Code/pdf-to-zpl/tests/CanConvertImageTest.php" tests="1" assertions="2" errors="0" warnings="0" failures="0" skipped="0" time="0.228312">
      <testcase name="testCanConvertDuck" class="CanConvertImageTest" classname="CanConvertImageTest" file="/home/trueleaf/Code/pdf-to-zpl/tests/CanConvertImageTest.php" line="10" assertions="2" time="0.228312"/>
    </testsuite>
    <testsuite name="CanConvertPdfTest" file="/home/trueleaf/Code/pdf-to-zpl/tests/CanConvertPdfTest.php" tests="2" assertions="4" errors="0" warnings="0" failures="0" skipped="0" time="5.885125">
      <testcase name="testCanConvertEndiciaPdf" class="CanConvertPdfTest" classname="CanConvertPdfTest" file="/home/trueleaf/Code/pdf-to-zpl/tests/CanConvertPdfTest.php" line="12" assertions="2" time="1.203341"/>
      <testcase name="testCanConvertDonkeyPdf" class="CanConvertPdfTest" classname="CanConvertPdfTest" file="/home/trueleaf/Code/pdf-to-zpl/tests/CanConvertPdfTest.php" line="31" assertions="2" time="4.681784"/>
    </testsuite>
    <testsuite name="CanRotatePdfTest" file="/home/trueleaf/Code/pdf-to-zpl/tests/CanRotatePdfTest.php" tests="1" assertions="2" errors="0" warnings="0" failures="0" skipped="0" time="1.629033">
      <testcase name="testCanRotateLandscapePdf" class="CanRotatePdfTest" classname="CanRotatePdfTest" file="/home/trueleaf/Code/pdf-to-zpl/tests/CanRotatePdfTest.php" line="11" assertions="2" time="1.629033"/>
    </testsuite>
    <testsuite name="CanUseFactoryTest" file="/home/trueleaf/Code/pdf-to-zpl/tests/CanUseFactoryTest.php" tests="2" assertions="4" errors="0" warnings="0" failures="0" skipped="0" time="1.442102">
      <testcase name="testCanUseFactoryForImage" class="CanUseFactoryTest" classname="CanUseFactoryTest" file="/home/trueleaf/Code/pdf-to-zpl/tests/CanUseFactoryTest.php" line="10" assertions="2" time="0.224581"/>
      <testcase name="testCanUseFactoryForPdf" class="CanUseFactoryTest" classname="CanUseFactoryTest" file="/home/trueleaf/Code/pdf-to-zpl/tests/CanUseFactoryTest.php" line="30" assertions="2" time="1.217521"/>
    </testsuite>
  </testsuite>
</testsuites>
